<!DOCTYPE html PUBLIC "-//W3C//DTD XHTML 1.1//EN" "http://www.w3.org/TR/xhtml11/DTD/xhtml11.dtd">
<html xmlns="http://www.w3.org/1999/xhtml">
<head>
<meta http-equiv="content-type" content="text/html; charset=UTF-8"/>
<title>TestNG Report</title>
<style type="text/css">table {margin-bottom:10px;border-collapse:collapse;empty-cells:show}th,td {border:1px solid #009;padding:.25em .5em}th {vertical-align:bottom}td {vertical-align:top}table a {font-weight:bold}.stripe td {background-color: #E6EBF9}.num {text-align:right}.passedodd td {background-color: #3F3}.passedeven td {background-color: #0A0}.skippedodd td {background-color: #DDD}.skippedeven td {background-color: #CCC}.failedodd td,.attn {background-color: #F33}.failedeven td,.stripe .attn {background-color: #D00}.stacktrace {white-space:pre;font-family:monospace}.totop {font-size:85%;text-align:center;border-bottom:2px solid #000}.invisible {display:none}</style>
</head>
<body>
<table>
<tr><th>Test</th><th># Passed</th><th># Skipped</th><th># Failed</th><th>Time (ms)</th><th>Included Groups</th><th>Excluded Groups</th></tr>
<tr><th colspan="7">Suite</th></tr>
<tr><td><a href="#t0">NavigationBarTest</a></td><td class="num">1</td><td class="num">0</td><td class="num">0</td><td class="num">7,085</td><td></td><td></td></tr>
<tr class="stripe"><td><a href="#t1">ValidateTittleTest</a></td><td class="num">0</td><td class="num attn">1</td><td class="num">0</td><td class="num">603,650</td><td></td><td></td></tr>
<tr><td><a href="#t2">HomePageTest</a></td><td class="num">0</td><td class="num attn">2</td><td class="num">0</td><td class="num">603,658</td><td></td><td></td></tr>
<tr><th>Total</th><th class="num">1</th><th class="num attn">3</th><th class="num">0</th><th class="num">1,214,393</th><th colspan="2"></th></tr>
</table>
<table id='summary'><thead><tr><th>Class</th><th>Method</th><th>Start</th><th>Time (ms)</th></tr></thead><tbody><tr><th colspan="4">Suite</th></tr></tbody><tbody id="t0"><tr><th colspan="4">NavigationBarTest &#8212; passed</th></tr><tr class="passedeven"><td rowspan="1">Demo.E2EProject.NavigationBarTest</td><td><a href="#m0">navigationBar</a></td><td rowspan="1">1629980038376</td><td rowspan="1">132</td></tr></tbody>
<tbody id="t1"><tr><th colspan="4">ValidateTittleTest &#8212; failed (configuration methods)</th></tr><tr class="failedeven"><td rowspan="1">Demo.E2EProject.ValidateTittleTest</td><td><a href="#m1">initialize</a></td><td rowspan="1">1629980031536</td><td rowspan="1">603617</td></tr><tr><th colspan="4">ValidateTittleTest &#8212; skipped (configuration methods)</th></tr><tr class="skippedeven"><td rowspan="1">Demo.E2EProject.ValidateTittleTest</td><td><a href="#m2">tearDown</a></td><td rowspan="1">1629980635176</td><td rowspan="1">0</td></tr><tr><th colspan="4">ValidateTittleTest &#8212; skipped</th></tr><tr class="skippedeven"><td rowspan="1">Demo.E2EProject.ValidateTittleTest</td><td><a href="#m3">verifyAppTittle</a></td><td rowspan="1">1629980635175</td><td rowspan="1">0</td></tr></tbody>
<tbody id="t2"><tr><th colspan="4">HomePageTest &#8212; failed (configuration methods)</th></tr><tr class="failedeven"><td rowspan="1">Demo.E2EProject.HomePageTest</td><td><a href="#m4">initialize</a></td><td rowspan="1">1629980031536</td><td rowspan="1">603617</td></tr><tr><th colspan="4">HomePageTest &#8212; skipped (configuration methods)</th></tr><tr class="skippedeven"><td rowspan="1">Demo.E2EProject.HomePageTest</td><td><a href="#m5">tearDown</a></td><td rowspan="1">1629980635184</td><td rowspan="1">0</td></tr><tr><th colspan="4">HomePageTest &#8212; skipped</th></tr><tr class="skippedeven"><td rowspan="2">Demo.E2EProject.HomePageTest</td><td><a href="#m6">basePageNavigation</a></td><td rowspan="2">1629980635181</td><td rowspan="2">0</td></tr><tr class="skippedeven"><td><a href="#m7">basePageNavigation</a></td></tr></tbody>
</table>
<h2>NavigationBarTest</h2><h3 id="m0">Demo.E2EProject.NavigationBarTest#navigationBar</h3><table class="result"><tr><th class="invisible"/></tr></table><p class="totop"><a href="#summary">back to summary</a></p>
<h2>ValidateTittleTest</h2><h3 id="m1">Demo.E2EProject.ValidateTittleTest#initialize</h3><table class="result"><tr><th>Exception</th></tr><tr><td><div class="stacktrace">org.openqa.selenium.SessionNotCreatedException: session not created
from timeout: Timed out receiving message from renderer: 600.000
  (Session info: chrome=92.0.4515.159)
Build info: version: &apos;3.141.59&apos;, revision: &apos;e82be7d358&apos;, time: &apos;2018-11-14T08:17:03&apos;
System info: host: &apos;WL362390&apos;, ip: &apos;192.36.0.12&apos;, os.name: &apos;Windows 10&apos;, os.arch: &apos;amd64&apos;, os.version: &apos;10.0&apos;, java.version: &apos;11.0.9.1&apos;
Driver info: driver.version: ChromeDriver
remote stacktrace: Backtrace:
	Ordinal0 [0x010B3733+2504499]
	Ordinal0 [0x0104C401+2081793]
	Ordinal0 [0x00F52628+1058344]
	Ordinal0 [0x00F44EBF+1003199]
	Ordinal0 [0x00F43EF9+999161]
	Ordinal0 [0x00F441B6+999862]
	Ordinal0 [0x00F43AA5+998053]
	Ordinal0 [0x00F4A6DD+1025757]
	Ordinal0 [0x00F43A61+997985]
	Ordinal0 [0x00F44986+1001862]
	Ordinal0 [0x00F43EF9+999161]
	Ordinal0 [0x00F441B6+999862]
	Ordinal0 [0x00F43AA5+998053]
	Ordinal0 [0x00F4990C+1022220]
	Ordinal0 [0x00F43A61+997985]
	Ordinal0 [0x00F44986+1001862]
	Ordinal0 [0x00F43EF9+999161]
	Ordinal0 [0x00F441B6+999862]
	Ordinal0 [0x00F43AA5+998053]
	Ordinal0 [0x00F3F5DD+980445]
	Ordinal0 [0x00F43A61+997985]
	Ordinal0 [0x00F43800+997376]
	Ordinal0 [0x00F43599+996761]
	Ordinal0 [0x00F53830+1062960]
	Ordinal0 [0x00F9ABB9+1354681]
	Ordinal0 [0x00F997DA+1349594]
	Ordinal0 [0x00F95D4B+1334603]
	Ordinal0 [0x00F722B4+1188532]
	Ordinal0 [0x00F73149+1192265]
	GetHandleVerifier [0x0122FB8C+1512252]
	GetHandleVerifier [0x012DB0DF+2214031]
	GetHandleVerifier [0x01134BC3+484211]
	GetHandleVerifier [0x01133E69+480793]
	Ordinal0 [0x0105218D+2105741]
	Ordinal0 [0x010566E8+2123496]
	Ordinal0 [0x01056827+2123815]
	Ordinal0 [0x0105FB73+2161523]
	BaseThreadInitThunk [0x76696359+25]
	RtlGetAppContainerNamedObjectPath [0x776F8944+228]
	RtlGetAppContainerNamedObjectPath [0x776F8914+180]

	at org.openqa.selenium.remote.W3CHandshakeResponse.lambda$errorHandler$0(W3CHandshakeResponse.java:62)
	at org.openqa.selenium.remote.HandshakeResponse.lambda$getResponseFunction$0(HandshakeResponse.java:30)
	at org.openqa.selenium.remote.ProtocolHandshake.lambda$createSession$0(ProtocolHandshake.java:126)
	at java.base/java.util.stream.ReferencePipeline$3$1.accept(ReferencePipeline.java:195)
	at java.base/java.util.Spliterators$ArraySpliterator.tryAdvance(Spliterators.java:958)
	at java.base/java.util.stream.ReferencePipeline.forEachWithCancel(ReferencePipeline.java:127)
	at java.base/java.util.stream.AbstractPipeline.copyIntoWithCancel(AbstractPipeline.java:502)
	at java.base/java.util.stream.AbstractPipeline.copyInto(AbstractPipeline.java:488)
	at java.base/java.util.stream.AbstractPipeline.wrapAndCopyInto(AbstractPipeline.java:474)
	at java.base/java.util.stream.FindOps$FindOp.evaluateSequential(FindOps.java:150)
	at java.base/java.util.stream.AbstractPipeline.evaluate(AbstractPipeline.java:234)
	at java.base/java.util.stream.ReferencePipeline.findFirst(ReferencePipeline.java:543)
	at org.openqa.selenium.remote.ProtocolHandshake.createSession(ProtocolHandshake.java:128)
	at org.openqa.selenium.remote.ProtocolHandshake.createSession(ProtocolHandshake.java:74)
	at org.openqa.selenium.remote.HttpCommandExecutor.execute(HttpCommandExecutor.java:136)
	at org.openqa.selenium.remote.service.DriverCommandExecutor.execute(DriverCommandExecutor.java:83)
	at org.openqa.selenium.remote.RemoteWebDriver.execute(RemoteWebDriver.java:552)
	at org.openqa.selenium.remote.RemoteWebDriver.startSession(RemoteWebDriver.java:213)
	at org.openqa.selenium.remote.RemoteWebDriver.&lt;init&gt;(RemoteWebDriver.java:131)
	at org.openqa.selenium.chrome.ChromeDriver.&lt;init&gt;(ChromeDriver.java:181)
	at org.openqa.selenium.chrome.ChromeDriver.&lt;init&gt;(ChromeDriver.java:168)
	at org.openqa.selenium.chrome.ChromeDriver.&lt;init&gt;(ChromeDriver.java:123)
	at resources.Base.initializeDriver(Base.java:47)
	at Demo.E2EProject.ValidateTittleTest.initialize(ValidateTittleTest.java:26)
	at java.base/java.util.concurrent.FutureTask.run(FutureTask.java:264)
	at java.base/java.util.concurrent.ThreadPoolExecutor.runWorker(ThreadPoolExecutor.java:1128)
	at java.base/java.util.concurrent.ThreadPoolExecutor$Worker.run(ThreadPoolExecutor.java:628)
	at java.base/java.lang.Thread.run(Thread.java:834)
... Removed 19 stack frames</div></td></tr></table><p class="totop"><a href="#summary">back to summary</a></p>
<h3 id="m2">Demo.E2EProject.ValidateTittleTest#tearDown</h3><table class="result"><tr><th class="invisible"/></tr></table><p class="totop"><a href="#summary">back to summary</a></p>
<h3 id="m3">Demo.E2EProject.ValidateTittleTest#verifyAppTittle</h3><table class="result"><tr><th>Exception</th></tr><tr><td><div class="stacktrace">org.openqa.selenium.SessionNotCreatedException: session not created
from timeout: Timed out receiving message from renderer: 600.000
  (Session info: chrome=92.0.4515.159)
Build info: version: &apos;3.141.59&apos;, revision: &apos;e82be7d358&apos;, time: &apos;2018-11-14T08:17:03&apos;
System info: host: &apos;WL362390&apos;, ip: &apos;192.36.0.12&apos;, os.name: &apos;Windows 10&apos;, os.arch: &apos;amd64&apos;, os.version: &apos;10.0&apos;, java.version: &apos;11.0.9.1&apos;
Driver info: driver.version: ChromeDriver
remote stacktrace: Backtrace:
	Ordinal0 [0x010B3733+2504499]
	Ordinal0 [0x0104C401+2081793]
	Ordinal0 [0x00F52628+1058344]
	Ordinal0 [0x00F44EBF+1003199]
	Ordinal0 [0x00F43EF9+999161]
	Ordinal0 [0x00F441B6+999862]
	Ordinal0 [0x00F43AA5+998053]
	Ordinal0 [0x00F4A6DD+1025757]
	Ordinal0 [0x00F43A61+997985]
	Ordinal0 [0x00F44986+1001862]
	Ordinal0 [0x00F43EF9+999161]
	Ordinal0 [0x00F441B6+999862]
	Ordinal0 [0x00F43AA5+998053]
	Ordinal0 [0x00F4990C+1022220]
	Ordinal0 [0x00F43A61+997985]
	Ordinal0 [0x00F44986+1001862]
	Ordinal0 [0x00F43EF9+999161]
	Ordinal0 [0x00F441B6+999862]
	Ordinal0 [0x00F43AA5+998053]
	Ordinal0 [0x00F3F5DD+980445]
	Ordinal0 [0x00F43A61+997985]
	Ordinal0 [0x00F43800+997376]
	Ordinal0 [0x00F43599+996761]
	Ordinal0 [0x00F53830+1062960]
	Ordinal0 [0x00F9ABB9+1354681]
	Ordinal0 [0x00F997DA+1349594]
	Ordinal0 [0x00F95D4B+1334603]
	Ordinal0 [0x00F722B4+1188532]
	Ordinal0 [0x00F73149+1192265]
	GetHandleVerifier [0x0122FB8C+1512252]
	GetHandleVerifier [0x012DB0DF+2214031]
	GetHandleVerifier [0x01134BC3+484211]
	GetHandleVerifier [0x01133E69+480793]
	Ordinal0 [0x0105218D+2105741]
	Ordinal0 [0x010566E8+2123496]
	Ordinal0 [0x01056827+2123815]
	Ordinal0 [0x0105FB73+2161523]
	BaseThreadInitThunk [0x76696359+25]
	RtlGetAppContainerNamedObjectPath [0x776F8944+228]
	RtlGetAppContainerNamedObjectPath [0x776F8914+180]

	at org.openqa.selenium.remote.W3CHandshakeResponse.lambda$errorHandler$0(W3CHandshakeResponse.java:62)
	at org.openqa.selenium.remote.HandshakeResponse.lambda$getResponseFunction$0(HandshakeResponse.java:30)
	at org.openqa.selenium.remote.ProtocolHandshake.lambda$createSession$0(ProtocolHandshake.java:126)
	at java.base/java.util.stream.ReferencePipeline$3$1.accept(ReferencePipeline.java:195)
	at java.base/java.util.Spliterators$ArraySpliterator.tryAdvance(Spliterators.java:958)
	at java.base/java.util.stream.ReferencePipeline.forEachWithCancel(ReferencePipeline.java:127)
	at java.base/java.util.stream.AbstractPipeline.copyIntoWithCancel(AbstractPipeline.java:502)
	at java.base/java.util.stream.AbstractPipeline.copyInto(AbstractPipeline.java:488)
	at java.base/java.util.stream.AbstractPipeline.wrapAndCopyInto(AbstractPipeline.java:474)
	at java.base/java.util.stream.FindOps$FindOp.evaluateSequential(FindOps.java:150)
	at java.base/java.util.stream.AbstractPipeline.evaluate(AbstractPipeline.java:234)
	at java.base/java.util.stream.ReferencePipeline.findFirst(ReferencePipeline.java:543)
	at org.openqa.selenium.remote.ProtocolHandshake.createSession(ProtocolHandshake.java:128)
	at org.openqa.selenium.remote.ProtocolHandshake.createSession(ProtocolHandshake.java:74)
	at org.openqa.selenium.remote.HttpCommandExecutor.execute(HttpCommandExecutor.java:136)
	at org.openqa.selenium.remote.service.DriverCommandExecutor.execute(DriverCommandExecutor.java:83)
	at org.openqa.selenium.remote.RemoteWebDriver.execute(RemoteWebDriver.java:552)
	at org.openqa.selenium.remote.RemoteWebDriver.startSession(RemoteWebDriver.java:213)
	at org.openqa.selenium.remote.RemoteWebDriver.&lt;init&gt;(RemoteWebDriver.java:131)
	at org.openqa.selenium.chrome.ChromeDriver.&lt;init&gt;(ChromeDriver.java:181)
	at org.openqa.selenium.chrome.ChromeDriver.&lt;init&gt;(ChromeDriver.java:168)
	at org.openqa.selenium.chrome.ChromeDriver.&lt;init&gt;(ChromeDriver.java:123)
	at resources.Base.initializeDriver(Base.java:47)
	at Demo.E2EProject.ValidateTittleTest.initialize(ValidateTittleTest.java:26)
	at java.base/java.util.concurrent.FutureTask.run(FutureTask.java:264)
	at java.base/java.util.concurrent.ThreadPoolExecutor.runWorker(ThreadPoolExecutor.java:1128)
	at java.base/java.util.concurrent.ThreadPoolExecutor$Worker.run(ThreadPoolExecutor.java:628)
	at java.base/java.lang.Thread.run(Thread.java:834)
... Removed 19 stack frames</div></td></tr></table><p class="totop"><a href="#summary">back to summary</a></p>
<h2>HomePageTest</h2><h3 id="m4">Demo.E2EProject.HomePageTest#initialize</h3><table class="result"><tr><th>Exception</th></tr><tr><td><div class="stacktrace">org.openqa.selenium.SessionNotCreatedException: session not created
from timeout: Timed out receiving message from renderer: 600.000
  (Session info: chrome=92.0.4515.159)
Build info: version: &apos;3.141.59&apos;, revision: &apos;e82be7d358&apos;, time: &apos;2018-11-14T08:17:03&apos;
System info: host: &apos;WL362390&apos;, ip: &apos;192.36.0.12&apos;, os.name: &apos;Windows 10&apos;, os.arch: &apos;amd64&apos;, os.version: &apos;10.0&apos;, java.version: &apos;11.0.9.1&apos;
Driver info: driver.version: ChromeDriver
remote stacktrace: Backtrace:
	Ordinal0 [0x010B3733+2504499]
	Ordinal0 [0x0104C401+2081793]
	Ordinal0 [0x00F52628+1058344]
	Ordinal0 [0x00F44EBF+1003199]
	Ordinal0 [0x00F43EF9+999161]
	Ordinal0 [0x00F441B6+999862]
	Ordinal0 [0x00F43AA5+998053]
	Ordinal0 [0x00F4A6DD+1025757]
	Ordinal0 [0x00F43A61+997985]
	Ordinal0 [0x00F44986+1001862]
	Ordinal0 [0x00F43EF9+999161]
	Ordinal0 [0x00F441B6+999862]
	Ordinal0 [0x00F43AA5+998053]
	Ordinal0 [0x00F4990C+1022220]
	Ordinal0 [0x00F43A61+997985]
	Ordinal0 [0x00F44986+1001862]
	Ordinal0 [0x00F43EF9+999161]
	Ordinal0 [0x00F441B6+999862]
	Ordinal0 [0x00F43AA5+998053]
	Ordinal0 [0x00F3F5DD+980445]
	Ordinal0 [0x00F43A61+997985]
	Ordinal0 [0x00F43800+997376]
	Ordinal0 [0x00F43599+996761]
	Ordinal0 [0x00F53830+1062960]
	Ordinal0 [0x00F9ABB9+1354681]
	Ordinal0 [0x00F997DA+1349594]
	Ordinal0 [0x00F95D4B+1334603]
	Ordinal0 [0x00F722B4+1188532]
	Ordinal0 [0x00F73149+1192265]
	GetHandleVerifier [0x0122FB8C+1512252]
	GetHandleVerifier [0x012DB0DF+2214031]
	GetHandleVerifier [0x01134BC3+484211]
	GetHandleVerifier [0x01133E69+480793]
	Ordinal0 [0x0105218D+2105741]
	Ordinal0 [0x010566E8+2123496]
	Ordinal0 [0x01056827+2123815]
	Ordinal0 [0x0105FB73+2161523]
	BaseThreadInitThunk [0x76696359+25]
	RtlGetAppContainerNamedObjectPath [0x776F8944+228]
	RtlGetAppContainerNamedObjectPath [0x776F8914+180]

	at org.openqa.selenium.remote.W3CHandshakeResponse.lambda$errorHandler$0(W3CHandshakeResponse.java:62)
	at org.openqa.selenium.remote.HandshakeResponse.lambda$getResponseFunction$0(HandshakeResponse.java:30)
	at org.openqa.selenium.remote.ProtocolHandshake.lambda$createSession$0(ProtocolHandshake.java:126)
	at java.base/java.util.stream.ReferencePipeline$3$1.accept(ReferencePipeline.java:195)
	at java.base/java.util.Spliterators$ArraySpliterator.tryAdvance(Spliterators.java:958)
	at java.base/java.util.stream.ReferencePipeline.forEachWithCancel(ReferencePipeline.java:127)
	at java.base/java.util.stream.AbstractPipeline.copyIntoWithCancel(AbstractPipeline.java:502)
	at java.base/java.util.stream.AbstractPipeline.copyInto(AbstractPipeline.java:488)
	at java.base/java.util.stream.AbstractPipeline.wrapAndCopyInto(AbstractPipeline.java:474)
	at java.base/java.util.stream.FindOps$FindOp.evaluateSequential(FindOps.java:150)
	at java.base/java.util.stream.AbstractPipeline.evaluate(AbstractPipeline.java:234)
	at java.base/java.util.stream.ReferencePipeline.findFirst(ReferencePipeline.java:543)
	at org.openqa.selenium.remote.ProtocolHandshake.createSession(ProtocolHandshake.java:128)
	at org.openqa.selenium.remote.ProtocolHandshake.createSession(ProtocolHandshake.java:74)
	at org.openqa.selenium.remote.HttpCommandExecutor.execute(HttpCommandExecutor.java:136)
	at org.openqa.selenium.remote.service.DriverCommandExecutor.execute(DriverCommandExecutor.java:83)
	at org.openqa.selenium.remote.RemoteWebDriver.execute(RemoteWebDriver.java:552)
	at org.openqa.selenium.remote.RemoteWebDriver.startSession(RemoteWebDriver.java:213)
	at org.openqa.selenium.remote.RemoteWebDriver.&lt;init&gt;(RemoteWebDriver.java:131)
	at org.openqa.selenium.chrome.ChromeDriver.&lt;init&gt;(ChromeDriver.java:181)
	at org.openqa.selenium.chrome.ChromeDriver.&lt;init&gt;(ChromeDriver.java:168)
	at org.openqa.selenium.chrome.ChromeDriver.&lt;init&gt;(ChromeDriver.java:123)
	at resources.Base.initializeDriver(Base.java:47)
	at Demo.E2EProject.HomePageTest.initialize(HomePageTest.java:25)
	at java.base/java.util.concurrent.FutureTask.run(FutureTask.java:264)
	at java.base/java.util.concurrent.ThreadPoolExecutor.runWorker(ThreadPoolExecutor.java:1128)
	at java.base/java.util.concurrent.ThreadPoolExecutor$Worker.run(ThreadPoolExecutor.java:628)
	at java.base/java.lang.Thread.run(Thread.java:834)
... Removed 19 stack frames</div></td></tr></table><p class="totop"><a href="#summary">back to summary</a></p>
<h3 id="m5">Demo.E2EProject.HomePageTest#tearDown</h3><table class="result"><tr><th class="invisible"/></tr></table><p class="totop"><a href="#summary">back to summary</a></p>
<h3 id="m6">Demo.E2EProject.HomePageTest#basePageNavigation</h3><table class="result"><tr><th>Exception</th></tr><tr><td><div class="stacktrace">org.openqa.selenium.SessionNotCreatedException: session not created
from timeout: Timed out receiving message from renderer: 600.000
  (Session info: chrome=92.0.4515.159)
Build info: version: &apos;3.141.59&apos;, revision: &apos;e82be7d358&apos;, time: &apos;2018-11-14T08:17:03&apos;
System info: host: &apos;WL362390&apos;, ip: &apos;192.36.0.12&apos;, os.name: &apos;Windows 10&apos;, os.arch: &apos;amd64&apos;, os.version: &apos;10.0&apos;, java.version: &apos;11.0.9.1&apos;
Driver info: driver.version: ChromeDriver
remote stacktrace: Backtrace:
	Ordinal0 [0x010B3733+2504499]
	Ordinal0 [0x0104C401+2081793]
	Ordinal0 [0x00F52628+1058344]
	Ordinal0 [0x00F44EBF+1003199]
	Ordinal0 [0x00F43EF9+999161]
	Ordinal0 [0x00F441B6+999862]
	Ordinal0 [0x00F43AA5+998053]
	Ordinal0 [0x00F4A6DD+1025757]
	Ordinal0 [0x00F43A61+997985]
	Ordinal0 [0x00F44986+1001862]
	Ordinal0 [0x00F43EF9+999161]
	Ordinal0 [0x00F441B6+999862]
	Ordinal0 [0x00F43AA5+998053]
	Ordinal0 [0x00F4990C+1022220]
	Ordinal0 [0x00F43A61+997985]
	Ordinal0 [0x00F44986+1001862]
	Ordinal0 [0x00F43EF9+999161]
	Ordinal0 [0x00F441B6+999862]
	Ordinal0 [0x00F43AA5+998053]
	Ordinal0 [0x00F3F5DD+980445]
	Ordinal0 [0x00F43A61+997985]
	Ordinal0 [0x00F43800+997376]
	Ordinal0 [0x00F43599+996761]
	Ordinal0 [0x00F53830+1062960]
	Ordinal0 [0x00F9ABB9+1354681]
	Ordinal0 [0x00F997DA+1349594]
	Ordinal0 [0x00F95D4B+1334603]
	Ordinal0 [0x00F722B4+1188532]
	Ordinal0 [0x00F73149+1192265]
	GetHandleVerifier [0x0122FB8C+1512252]
	GetHandleVerifier [0x012DB0DF+2214031]
	GetHandleVerifier [0x01134BC3+484211]
	GetHandleVerifier [0x01133E69+480793]
	Ordinal0 [0x0105218D+2105741]
	Ordinal0 [0x010566E8+2123496]
	Ordinal0 [0x01056827+2123815]
	Ordinal0 [0x0105FB73+2161523]
	BaseThreadInitThunk [0x76696359+25]
	RtlGetAppContainerNamedObjectPath [0x776F8944+228]
	RtlGetAppContainerNamedObjectPath [0x776F8914+180]

	at org.openqa.selenium.remote.W3CHandshakeResponse.lambda$errorHandler$0(W3CHandshakeResponse.java:62)
	at org.openqa.selenium.remote.HandshakeResponse.lambda$getResponseFunction$0(HandshakeResponse.java:30)
	at org.openqa.selenium.remote.ProtocolHandshake.lambda$createSession$0(ProtocolHandshake.java:126)
	at java.base/java.util.stream.ReferencePipeline$3$1.accept(ReferencePipeline.java:195)
	at java.base/java.util.Spliterators$ArraySpliterator.tryAdvance(Spliterators.java:958)
	at java.base/java.util.stream.ReferencePipeline.forEachWithCancel(ReferencePipeline.java:127)
	at java.base/java.util.stream.AbstractPipeline.copyIntoWithCancel(AbstractPipeline.java:502)
	at java.base/java.util.stream.AbstractPipeline.copyInto(AbstractPipeline.java:488)
	at java.base/java.util.stream.AbstractPipeline.wrapAndCopyInto(AbstractPipeline.java:474)
	at java.base/java.util.stream.FindOps$FindOp.evaluateSequential(FindOps.java:150)
	at java.base/java.util.stream.AbstractPipeline.evaluate(AbstractPipeline.java:234)
	at java.base/java.util.stream.ReferencePipeline.findFirst(ReferencePipeline.java:543)
	at org.openqa.selenium.remote.ProtocolHandshake.createSession(ProtocolHandshake.java:128)
	at org.openqa.selenium.remote.ProtocolHandshake.createSession(ProtocolHandshake.java:74)
	at org.openqa.selenium.remote.HttpCommandExecutor.execute(HttpCommandExecutor.java:136)
	at org.openqa.selenium.remote.service.DriverCommandExecutor.execute(DriverCommandExecutor.java:83)
	at org.openqa.selenium.remote.RemoteWebDriver.execute(RemoteWebDriver.java:552)
	at org.openqa.selenium.remote.RemoteWebDriver.startSession(RemoteWebDriver.java:213)
	at org.openqa.selenium.remote.RemoteWebDriver.&lt;init&gt;(RemoteWebDriver.java:131)
	at org.openqa.selenium.chrome.ChromeDriver.&lt;init&gt;(ChromeDriver.java:181)
	at org.openqa.selenium.chrome.ChromeDriver.&lt;init&gt;(ChromeDriver.java:168)
	at org.openqa.selenium.chrome.ChromeDriver.&lt;init&gt;(ChromeDriver.java:123)
	at resources.Base.initializeDriver(Base.java:47)
	at Demo.E2EProject.HomePageTest.initialize(HomePageTest.java:25)
	at java.base/java.util.concurrent.FutureTask.run(FutureTask.java:264)
	at java.base/java.util.concurrent.ThreadPoolExecutor.runWorker(ThreadPoolExecutor.java:1128)
	at java.base/java.util.concurrent.ThreadPoolExecutor$Worker.run(ThreadPoolExecutor.java:628)
	at java.base/java.lang.Thread.run(Thread.java:834)
... Removed 19 stack frames</div></td></tr></table><p class="totop"><a href="#summary">back to summary</a></p>
<h3 id="m7">Demo.E2EProject.HomePageTest#basePageNavigation</h3><table class="result"><tr><th>Exception</th></tr><tr><td><div class="stacktrace">org.openqa.selenium.SessionNotCreatedException: session not created
from timeout: Timed out receiving message from renderer: 600.000
  (Session info: chrome=92.0.4515.159)
Build info: version: &apos;3.141.59&apos;, revision: &apos;e82be7d358&apos;, time: &apos;2018-11-14T08:17:03&apos;
System info: host: &apos;WL362390&apos;, ip: &apos;192.36.0.12&apos;, os.name: &apos;Windows 10&apos;, os.arch: &apos;amd64&apos;, os.version: &apos;10.0&apos;, java.version: &apos;11.0.9.1&apos;
Driver info: driver.version: ChromeDriver
remote stacktrace: Backtrace:
	Ordinal0 [0x010B3733+2504499]
	Ordinal0 [0x0104C401+2081793]
	Ordinal0 [0x00F52628+1058344]
	Ordinal0 [0x00F44EBF+1003199]
	Ordinal0 [0x00F43EF9+999161]
	Ordinal0 [0x00F441B6+999862]
	Ordinal0 [0x00F43AA5+998053]
	Ordinal0 [0x00F4A6DD+1025757]
	Ordinal0 [0x00F43A61+997985]
	Ordinal0 [0x00F44986+1001862]
	Ordinal0 [0x00F43EF9+999161]
	Ordinal0 [0x00F441B6+999862]
	Ordinal0 [0x00F43AA5+998053]
	Ordinal0 [0x00F4990C+1022220]
	Ordinal0 [0x00F43A61+997985]
	Ordinal0 [0x00F44986+1001862]
	Ordinal0 [0x00F43EF9+999161]
	Ordinal0 [0x00F441B6+999862]
	Ordinal0 [0x00F43AA5+998053]
	Ordinal0 [0x00F3F5DD+980445]
	Ordinal0 [0x00F43A61+997985]
	Ordinal0 [0x00F43800+997376]
	Ordinal0 [0x00F43599+996761]
	Ordinal0 [0x00F53830+1062960]
	Ordinal0 [0x00F9ABB9+1354681]
	Ordinal0 [0x00F997DA+1349594]
	Ordinal0 [0x00F95D4B+1334603]
	Ordinal0 [0x00F722B4+1188532]
	Ordinal0 [0x00F73149+1192265]
	GetHandleVerifier [0x0122FB8C+1512252]
	GetHandleVerifier [0x012DB0DF+2214031]
	GetHandleVerifier [0x01134BC3+484211]
	GetHandleVerifier [0x01133E69+480793]
	Ordinal0 [0x0105218D+2105741]
	Ordinal0 [0x010566E8+2123496]
	Ordinal0 [0x01056827+2123815]
	Ordinal0 [0x0105FB73+2161523]
	BaseThreadInitThunk [0x76696359+25]
	RtlGetAppContainerNamedObjectPath [0x776F8944+228]
	RtlGetAppContainerNamedObjectPath [0x776F8914+180]

	at org.openqa.selenium.remote.W3CHandshakeResponse.lambda$errorHandler$0(W3CHandshakeResponse.java:62)
	at org.openqa.selenium.remote.HandshakeResponse.lambda$getResponseFunction$0(HandshakeResponse.java:30)
	at org.openqa.selenium.remote.ProtocolHandshake.lambda$createSession$0(ProtocolHandshake.java:126)
	at java.base/java.util.stream.ReferencePipeline$3$1.accept(ReferencePipeline.java:195)
	at java.base/java.util.Spliterators$ArraySpliterator.tryAdvance(Spliterators.java:958)
	at java.base/java.util.stream.ReferencePipeline.forEachWithCancel(ReferencePipeline.java:127)
	at java.base/java.util.stream.AbstractPipeline.copyIntoWithCancel(AbstractPipeline.java:502)
	at java.base/java.util.stream.AbstractPipeline.copyInto(AbstractPipeline.java:488)
	at java.base/java.util.stream.AbstractPipeline.wrapAndCopyInto(AbstractPipeline.java:474)
	at java.base/java.util.stream.FindOps$FindOp.evaluateSequential(FindOps.java:150)
	at java.base/java.util.stream.AbstractPipeline.evaluate(AbstractPipeline.java:234)
	at java.base/java.util.stream.ReferencePipeline.findFirst(ReferencePipeline.java:543)
	at org.openqa.selenium.remote.ProtocolHandshake.createSession(ProtocolHandshake.java:128)
	at org.openqa.selenium.remote.ProtocolHandshake.createSession(ProtocolHandshake.java:74)
	at org.openqa.selenium.remote.HttpCommandExecutor.execute(HttpCommandExecutor.java:136)
	at org.openqa.selenium.remote.service.DriverCommandExecutor.execute(DriverCommandExecutor.java:83)
	at org.openqa.selenium.remote.RemoteWebDriver.execute(RemoteWebDriver.java:552)
	at org.openqa.selenium.remote.RemoteWebDriver.startSession(RemoteWebDriver.java:213)
	at org.openqa.selenium.remote.RemoteWebDriver.&lt;init&gt;(RemoteWebDriver.java:131)
	at org.openqa.selenium.chrome.ChromeDriver.&lt;init&gt;(ChromeDriver.java:181)
	at org.openqa.selenium.chrome.ChromeDriver.&lt;init&gt;(ChromeDriver.java:168)
	at org.openqa.selenium.chrome.ChromeDriver.&lt;init&gt;(ChromeDriver.java:123)
	at resources.Base.initializeDriver(Base.java:47)
	at Demo.E2EProject.HomePageTest.initialize(HomePageTest.java:25)
	at java.base/java.util.concurrent.FutureTask.run(FutureTask.java:264)
	at java.base/java.util.concurrent.ThreadPoolExecutor.runWorker(ThreadPoolExecutor.java:1128)
	at java.base/java.util.concurrent.ThreadPoolExecutor$Worker.run(ThreadPoolExecutor.java:628)
	at java.base/java.lang.Thread.run(Thread.java:834)
... Removed 19 stack frames</div></td></tr></table><p class="totop"><a href="#summary">back to summary</a></p>
</body>
</html>
