<?xml version="1.0" encoding="UTF-8"?>
<testng-results ignored="0" total="4" passed="1" failed="0" skipped="3">
  <reporter-output>
  </reporter-output>
  <suite started-at="2021-08-26T12:13:51Z" name="Suite" finished-at="2021-08-26T12:23:55Z" duration-ms="603658">
    <groups>
    </groups>
    <test started-at="2021-08-26T12:13:51Z" name="NavigationBarTest" finished-at="2021-08-26T12:13:58Z" duration-ms="7085">
      <class name="Demo.E2EProject.NavigationBarTest">
        <test-method is-config="true" signature="initialize()[pri:0, instance:Demo.E2EProject.NavigationBarTest@50d68830]" started-at="2021-08-26T12:13:51Z" name="initialize" finished-at="2021-08-26T12:13:58Z" duration-ms="6822" status="PASS">
          <reporter-output>
          </reporter-output>
        </test-method> <!-- initialize -->
        <test-method signature="navigationBar()[pri:0, instance:Demo.E2EProject.NavigationBarTest@50d68830]" started-at="2021-08-26T12:13:58Z" name="navigationBar" finished-at="2021-08-26T12:13:58Z" duration-ms="132" status="PASS">
          <reporter-output>
          </reporter-output>
        </test-method> <!-- navigationBar -->
        <test-method is-config="true" signature="tearDown()[pri:0, instance:Demo.E2EProject.NavigationBarTest@50d68830]" started-at="2021-08-26T12:13:58Z" name="tearDown" finished-at="2021-08-26T12:13:58Z" duration-ms="94" status="PASS">
          <reporter-output>
          </reporter-output>
        </test-method> <!-- tearDown -->
      </class> <!-- Demo.E2EProject.NavigationBarTest -->
    </test> <!-- NavigationBarTest -->
    <test started-at="2021-08-26T12:13:51Z" name="ValidateTittleTest" finished-at="2021-08-26T12:23:55Z" duration-ms="603650">
      <class name="Demo.E2EProject.ValidateTittleTest">
        <test-method is-config="true" signature="initialize()[pri:0, instance:Demo.E2EProject.ValidateTittleTest@3a71c100]" started-at="2021-08-26T12:13:51Z" name="initialize" finished-at="2021-08-26T12:23:55Z" duration-ms="603617" status="FAIL">
          <exception class="org.openqa.selenium.SessionNotCreatedException">
            <message>
              <![CDATA[session not created
from timeout: Timed out receiving message from renderer: 600.000
  (Session info: chrome=92.0.4515.159)
Build info: version: '3.141.59', revision: 'e82be7d358', time: '2018-11-14T08:17:03'
System info: host: 'WL362390', ip: '192.36.0.12', os.name: 'Windows 10', os.arch: 'amd64', os.version: '10.0', java.version: '11.0.9.1'
Driver info: driver.version: ChromeDriver
remote stacktrace: Backtrace:
Ordinal0 [0x010B3733+2504499]
Ordinal0 [0x0104C401+2081793]
Ordinal0 [0x00F52628+1058344]
Ordinal0 [0x00F44EBF+1003199]
Ordinal0 [0x00F43EF9+999161]
Ordinal0 [0x00F441B6+999862]
Ordinal0 [0x00F43AA5+998053]
Ordinal0 [0x00F4A6DD+1025757]
Ordinal0 [0x00F43A61+997985]
Ordinal0 [0x00F44986+1001862]
Ordinal0 [0x00F43EF9+999161]
Ordinal0 [0x00F441B6+999862]
Ordinal0 [0x00F43AA5+998053]
Ordinal0 [0x00F4990C+1022220]
Ordinal0 [0x00F43A61+997985]
Ordinal0 [0x00F44986+1001862]
Ordinal0 [0x00F43EF9+999161]
Ordinal0 [0x00F441B6+999862]
Ordinal0 [0x00F43AA5+998053]
Ordinal0 [0x00F3F5DD+980445]
Ordinal0 [0x00F43A61+997985]
Ordinal0 [0x00F43800+997376]
Ordinal0 [0x00F43599+996761]
Ordinal0 [0x00F53830+1062960]
Ordinal0 [0x00F9ABB9+1354681]
Ordinal0 [0x00F997DA+1349594]
Ordinal0 [0x00F95D4B+1334603]
Ordinal0 [0x00F722B4+1188532]
Ordinal0 [0x00F73149+1192265]
GetHandleVerifier [0x0122FB8C+1512252]
GetHandleVerifier [0x012DB0DF+2214031]
GetHandleVerifier [0x01134BC3+484211]
GetHandleVerifier [0x01133E69+480793]
Ordinal0 [0x0105218D+2105741]
Ordinal0 [0x010566E8+2123496]
Ordinal0 [0x01056827+2123815]
Ordinal0 [0x0105FB73+2161523]
BaseThreadInitThunk [0x76696359+25]
RtlGetAppContainerNamedObjectPath [0x776F8944+228]
RtlGetAppContainerNamedObjectPath [0x776F8914+180]
]]>
            </message>
            <full-stacktrace>
              <![CDATA[org.openqa.selenium.SessionNotCreatedException: session not created
from timeout: Timed out receiving message from renderer: 600.000
  (Session info: chrome=92.0.4515.159)
Build info: version: '3.141.59', revision: 'e82be7d358', time: '2018-11-14T08:17:03'
System info: host: 'WL362390', ip: '192.36.0.12', os.name: 'Windows 10', os.arch: 'amd64', os.version: '10.0', java.version: '11.0.9.1'
Driver info: driver.version: ChromeDriver
remote stacktrace: Backtrace:
Ordinal0 [0x010B3733+2504499]
Ordinal0 [0x0104C401+2081793]
Ordinal0 [0x00F52628+1058344]
Ordinal0 [0x00F44EBF+1003199]
Ordinal0 [0x00F43EF9+999161]
Ordinal0 [0x00F441B6+999862]
Ordinal0 [0x00F43AA5+998053]
Ordinal0 [0x00F4A6DD+1025757]
Ordinal0 [0x00F43A61+997985]
Ordinal0 [0x00F44986+1001862]
Ordinal0 [0x00F43EF9+999161]
Ordinal0 [0x00F441B6+999862]
Ordinal0 [0x00F43AA5+998053]
Ordinal0 [0x00F4990C+1022220]
Ordinal0 [0x00F43A61+997985]
Ordinal0 [0x00F44986+1001862]
Ordinal0 [0x00F43EF9+999161]
Ordinal0 [0x00F441B6+999862]
Ordinal0 [0x00F43AA5+998053]
Ordinal0 [0x00F3F5DD+980445]
Ordinal0 [0x00F43A61+997985]
Ordinal0 [0x00F43800+997376]
Ordinal0 [0x00F43599+996761]
Ordinal0 [0x00F53830+1062960]
Ordinal0 [0x00F9ABB9+1354681]
Ordinal0 [0x00F997DA+1349594]
Ordinal0 [0x00F95D4B+1334603]
Ordinal0 [0x00F722B4+1188532]
Ordinal0 [0x00F73149+1192265]
GetHandleVerifier [0x0122FB8C+1512252]
GetHandleVerifier [0x012DB0DF+2214031]
GetHandleVerifier [0x01134BC3+484211]
GetHandleVerifier [0x01133E69+480793]
Ordinal0 [0x0105218D+2105741]
Ordinal0 [0x010566E8+2123496]
Ordinal0 [0x01056827+2123815]
Ordinal0 [0x0105FB73+2161523]
BaseThreadInitThunk [0x76696359+25]
RtlGetAppContainerNamedObjectPath [0x776F8944+228]
RtlGetAppContainerNamedObjectPath [0x776F8914+180]

at java.base/jdk.internal.reflect.NativeConstructorAccessorImpl.newInstance0(Native Method)
at java.base/jdk.internal.reflect.NativeConstructorAccessorImpl.newInstance(NativeConstructorAccessorImpl.java:62)
at java.base/jdk.internal.reflect.DelegatingConstructorAccessorImpl.newInstance(DelegatingConstructorAccessorImpl.java:45)
at java.base/java.lang.reflect.Constructor.newInstance(Constructor.java:490)
at org.openqa.selenium.remote.W3CHandshakeResponse.lambda$errorHandler$0(W3CHandshakeResponse.java:62)
at org.openqa.selenium.remote.HandshakeResponse.lambda$getResponseFunction$0(HandshakeResponse.java:30)
at org.openqa.selenium.remote.ProtocolHandshake.lambda$createSession$0(ProtocolHandshake.java:126)
at java.base/java.util.stream.ReferencePipeline$3$1.accept(ReferencePipeline.java:195)
at java.base/java.util.Spliterators$ArraySpliterator.tryAdvance(Spliterators.java:958)
at java.base/java.util.stream.ReferencePipeline.forEachWithCancel(ReferencePipeline.java:127)
at java.base/java.util.stream.AbstractPipeline.copyIntoWithCancel(AbstractPipeline.java:502)
at java.base/java.util.stream.AbstractPipeline.copyInto(AbstractPipeline.java:488)
at java.base/java.util.stream.AbstractPipeline.wrapAndCopyInto(AbstractPipeline.java:474)
at java.base/java.util.stream.FindOps$FindOp.evaluateSequential(FindOps.java:150)
at java.base/java.util.stream.AbstractPipeline.evaluate(AbstractPipeline.java:234)
at java.base/java.util.stream.ReferencePipeline.findFirst(ReferencePipeline.java:543)
at org.openqa.selenium.remote.ProtocolHandshake.createSession(ProtocolHandshake.java:128)
at org.openqa.selenium.remote.ProtocolHandshake.createSession(ProtocolHandshake.java:74)
at org.openqa.selenium.remote.HttpCommandExecutor.execute(HttpCommandExecutor.java:136)
at org.openqa.selenium.remote.service.DriverCommandExecutor.execute(DriverCommandExecutor.java:83)
at org.openqa.selenium.remote.RemoteWebDriver.execute(RemoteWebDriver.java:552)
at org.openqa.selenium.remote.RemoteWebDriver.startSession(RemoteWebDriver.java:213)
at org.openqa.selenium.remote.RemoteWebDriver.<init>(RemoteWebDriver.java:131)
at org.openqa.selenium.chrome.ChromeDriver.<init>(ChromeDriver.java:181)
at org.openqa.selenium.chrome.ChromeDriver.<init>(ChromeDriver.java:168)
at org.openqa.selenium.chrome.ChromeDriver.<init>(ChromeDriver.java:123)
at resources.Base.initializeDriver(Base.java:47)
at Demo.E2EProject.ValidateTittleTest.initialize(ValidateTittleTest.java:26)
at java.base/jdk.internal.reflect.NativeMethodAccessorImpl.invoke0(Native Method)
at java.base/jdk.internal.reflect.NativeMethodAccessorImpl.invoke(NativeMethodAccessorImpl.java:62)
at java.base/jdk.internal.reflect.DelegatingMethodAccessorImpl.invoke(DelegatingMethodAccessorImpl.java:43)
at java.base/java.lang.reflect.Method.invoke(Method.java:566)
at org.testng.internal.MethodInvocationHelper.invokeMethod(MethodInvocationHelper.java:124)
at org.testng.internal.MethodInvocationHelper.invokeMethodConsideringTimeout(MethodInvocationHelper.java:59)
at org.testng.internal.Invoker.invokeConfigurationMethod(Invoker.java:458)
at org.testng.internal.Invoker.invokeConfigurations(Invoker.java:222)
at org.testng.internal.Invoker.invokeConfigurations(Invoker.java:142)
at org.testng.TestRunner.beforeRun(TestRunner.java:529)
at org.testng.TestRunner.run(TestRunner.java:497)
at org.testng.SuiteRunner.runTest(SuiteRunner.java:455)
at org.testng.SuiteRunner.access$000(SuiteRunner.java:40)
at org.testng.SuiteRunner$SuiteWorker.run(SuiteRunner.java:489)
at org.testng.internal.thread.ThreadUtil$1.call(ThreadUtil.java:52)
at java.base/java.util.concurrent.FutureTask.run(FutureTask.java:264)
at java.base/java.util.concurrent.ThreadPoolExecutor.runWorker(ThreadPoolExecutor.java:1128)
at java.base/java.util.concurrent.ThreadPoolExecutor$Worker.run(ThreadPoolExecutor.java:628)
at java.base/java.lang.Thread.run(Thread.java:834)
]]>
            </full-stacktrace>
          </exception> <!-- org.openqa.selenium.SessionNotCreatedException -->
          <reporter-output>
          </reporter-output>
        </test-method> <!-- initialize -->
        <test-method signature="verifyAppTittle()[pri:0, instance:Demo.E2EProject.ValidateTittleTest@3a71c100]" started-at="2021-08-26T12:23:55Z" name="verifyAppTittle" finished-at="2021-08-26T12:23:55Z" duration-ms="0" status="SKIP">
          <exception class="org.openqa.selenium.SessionNotCreatedException">
            <message>
              <![CDATA[session not created
from timeout: Timed out receiving message from renderer: 600.000
  (Session info: chrome=92.0.4515.159)
Build info: version: '3.141.59', revision: 'e82be7d358', time: '2018-11-14T08:17:03'
System info: host: 'WL362390', ip: '192.36.0.12', os.name: 'Windows 10', os.arch: 'amd64', os.version: '10.0', java.version: '11.0.9.1'
Driver info: driver.version: ChromeDriver
remote stacktrace: Backtrace:
Ordinal0 [0x010B3733+2504499]
Ordinal0 [0x0104C401+2081793]
Ordinal0 [0x00F52628+1058344]
Ordinal0 [0x00F44EBF+1003199]
Ordinal0 [0x00F43EF9+999161]
Ordinal0 [0x00F441B6+999862]
Ordinal0 [0x00F43AA5+998053]
Ordinal0 [0x00F4A6DD+1025757]
Ordinal0 [0x00F43A61+997985]
Ordinal0 [0x00F44986+1001862]
Ordinal0 [0x00F43EF9+999161]
Ordinal0 [0x00F441B6+999862]
Ordinal0 [0x00F43AA5+998053]
Ordinal0 [0x00F4990C+1022220]
Ordinal0 [0x00F43A61+997985]
Ordinal0 [0x00F44986+1001862]
Ordinal0 [0x00F43EF9+999161]
Ordinal0 [0x00F441B6+999862]
Ordinal0 [0x00F43AA5+998053]
Ordinal0 [0x00F3F5DD+980445]
Ordinal0 [0x00F43A61+997985]
Ordinal0 [0x00F43800+997376]
Ordinal0 [0x00F43599+996761]
Ordinal0 [0x00F53830+1062960]
Ordinal0 [0x00F9ABB9+1354681]
Ordinal0 [0x00F997DA+1349594]
Ordinal0 [0x00F95D4B+1334603]
Ordinal0 [0x00F722B4+1188532]
Ordinal0 [0x00F73149+1192265]
GetHandleVerifier [0x0122FB8C+1512252]
GetHandleVerifier [0x012DB0DF+2214031]
GetHandleVerifier [0x01134BC3+484211]
GetHandleVerifier [0x01133E69+480793]
Ordinal0 [0x0105218D+2105741]
Ordinal0 [0x010566E8+2123496]
Ordinal0 [0x01056827+2123815]
Ordinal0 [0x0105FB73+2161523]
BaseThreadInitThunk [0x76696359+25]
RtlGetAppContainerNamedObjectPath [0x776F8944+228]
RtlGetAppContainerNamedObjectPath [0x776F8914+180]
]]>
            </message>
            <full-stacktrace>
              <![CDATA[org.openqa.selenium.SessionNotCreatedException: session not created
from timeout: Timed out receiving message from renderer: 600.000
  (Session info: chrome=92.0.4515.159)
Build info: version: '3.141.59', revision: 'e82be7d358', time: '2018-11-14T08:17:03'
System info: host: 'WL362390', ip: '192.36.0.12', os.name: 'Windows 10', os.arch: 'amd64', os.version: '10.0', java.version: '11.0.9.1'
Driver info: driver.version: ChromeDriver
remote stacktrace: Backtrace:
Ordinal0 [0x010B3733+2504499]
Ordinal0 [0x0104C401+2081793]
Ordinal0 [0x00F52628+1058344]
Ordinal0 [0x00F44EBF+1003199]
Ordinal0 [0x00F43EF9+999161]
Ordinal0 [0x00F441B6+999862]
Ordinal0 [0x00F43AA5+998053]
Ordinal0 [0x00F4A6DD+1025757]
Ordinal0 [0x00F43A61+997985]
Ordinal0 [0x00F44986+1001862]
Ordinal0 [0x00F43EF9+999161]
Ordinal0 [0x00F441B6+999862]
Ordinal0 [0x00F43AA5+998053]
Ordinal0 [0x00F4990C+1022220]
Ordinal0 [0x00F43A61+997985]
Ordinal0 [0x00F44986+1001862]
Ordinal0 [0x00F43EF9+999161]
Ordinal0 [0x00F441B6+999862]
Ordinal0 [0x00F43AA5+998053]
Ordinal0 [0x00F3F5DD+980445]
Ordinal0 [0x00F43A61+997985]
Ordinal0 [0x00F43800+997376]
Ordinal0 [0x00F43599+996761]
Ordinal0 [0x00F53830+1062960]
Ordinal0 [0x00F9ABB9+1354681]
Ordinal0 [0x00F997DA+1349594]
Ordinal0 [0x00F95D4B+1334603]
Ordinal0 [0x00F722B4+1188532]
Ordinal0 [0x00F73149+1192265]
GetHandleVerifier [0x0122FB8C+1512252]
GetHandleVerifier [0x012DB0DF+2214031]
GetHandleVerifier [0x01134BC3+484211]
GetHandleVerifier [0x01133E69+480793]
Ordinal0 [0x0105218D+2105741]
Ordinal0 [0x010566E8+2123496]
Ordinal0 [0x01056827+2123815]
Ordinal0 [0x0105FB73+2161523]
BaseThreadInitThunk [0x76696359+25]
RtlGetAppContainerNamedObjectPath [0x776F8944+228]
RtlGetAppContainerNamedObjectPath [0x776F8914+180]

at java.base/jdk.internal.reflect.NativeConstructorAccessorImpl.newInstance0(Native Method)
at java.base/jdk.internal.reflect.NativeConstructorAccessorImpl.newInstance(NativeConstructorAccessorImpl.java:62)
at java.base/jdk.internal.reflect.DelegatingConstructorAccessorImpl.newInstance(DelegatingConstructorAccessorImpl.java:45)
at java.base/java.lang.reflect.Constructor.newInstance(Constructor.java:490)
at org.openqa.selenium.remote.W3CHandshakeResponse.lambda$errorHandler$0(W3CHandshakeResponse.java:62)
at org.openqa.selenium.remote.HandshakeResponse.lambda$getResponseFunction$0(HandshakeResponse.java:30)
at org.openqa.selenium.remote.ProtocolHandshake.lambda$createSession$0(ProtocolHandshake.java:126)
at java.base/java.util.stream.ReferencePipeline$3$1.accept(ReferencePipeline.java:195)
at java.base/java.util.Spliterators$ArraySpliterator.tryAdvance(Spliterators.java:958)
at java.base/java.util.stream.ReferencePipeline.forEachWithCancel(ReferencePipeline.java:127)
at java.base/java.util.stream.AbstractPipeline.copyIntoWithCancel(AbstractPipeline.java:502)
at java.base/java.util.stream.AbstractPipeline.copyInto(AbstractPipeline.java:488)
at java.base/java.util.stream.AbstractPipeline.wrapAndCopyInto(AbstractPipeline.java:474)
at java.base/java.util.stream.FindOps$FindOp.evaluateSequential(FindOps.java:150)
at java.base/java.util.stream.AbstractPipeline.evaluate(AbstractPipeline.java:234)
at java.base/java.util.stream.ReferencePipeline.findFirst(ReferencePipeline.java:543)
at org.openqa.selenium.remote.ProtocolHandshake.createSession(ProtocolHandshake.java:128)
at org.openqa.selenium.remote.ProtocolHandshake.createSession(ProtocolHandshake.java:74)
at org.openqa.selenium.remote.HttpCommandExecutor.execute(HttpCommandExecutor.java:136)
at org.openqa.selenium.remote.service.DriverCommandExecutor.execute(DriverCommandExecutor.java:83)
at org.openqa.selenium.remote.RemoteWebDriver.execute(RemoteWebDriver.java:552)
at org.openqa.selenium.remote.RemoteWebDriver.startSession(RemoteWebDriver.java:213)
at org.openqa.selenium.remote.RemoteWebDriver.<init>(RemoteWebDriver.java:131)
at org.openqa.selenium.chrome.ChromeDriver.<init>(ChromeDriver.java:181)
at org.openqa.selenium.chrome.ChromeDriver.<init>(ChromeDriver.java:168)
at org.openqa.selenium.chrome.ChromeDriver.<init>(ChromeDriver.java:123)
at resources.Base.initializeDriver(Base.java:47)
at Demo.E2EProject.ValidateTittleTest.initialize(ValidateTittleTest.java:26)
at java.base/jdk.internal.reflect.NativeMethodAccessorImpl.invoke0(Native Method)
at java.base/jdk.internal.reflect.NativeMethodAccessorImpl.invoke(NativeMethodAccessorImpl.java:62)
at java.base/jdk.internal.reflect.DelegatingMethodAccessorImpl.invoke(DelegatingMethodAccessorImpl.java:43)
at java.base/java.lang.reflect.Method.invoke(Method.java:566)
at org.testng.internal.MethodInvocationHelper.invokeMethod(MethodInvocationHelper.java:124)
at org.testng.internal.MethodInvocationHelper.invokeMethodConsideringTimeout(MethodInvocationHelper.java:59)
at org.testng.internal.Invoker.invokeConfigurationMethod(Invoker.java:458)
at org.testng.internal.Invoker.invokeConfigurations(Invoker.java:222)
at org.testng.internal.Invoker.invokeConfigurations(Invoker.java:142)
at org.testng.TestRunner.beforeRun(TestRunner.java:529)
at org.testng.TestRunner.run(TestRunner.java:497)
at org.testng.SuiteRunner.runTest(SuiteRunner.java:455)
at org.testng.SuiteRunner.access$000(SuiteRunner.java:40)
at org.testng.SuiteRunner$SuiteWorker.run(SuiteRunner.java:489)
at org.testng.internal.thread.ThreadUtil$1.call(ThreadUtil.java:52)
at java.base/java.util.concurrent.FutureTask.run(FutureTask.java:264)
at java.base/java.util.concurrent.ThreadPoolExecutor.runWorker(ThreadPoolExecutor.java:1128)
at java.base/java.util.concurrent.ThreadPoolExecutor$Worker.run(ThreadPoolExecutor.java:628)
at java.base/java.lang.Thread.run(Thread.java:834)
]]>
            </full-stacktrace>
          </exception> <!-- org.openqa.selenium.SessionNotCreatedException -->
          <reporter-output>
          </reporter-output>
        </test-method> <!-- verifyAppTittle -->
        <test-method is-config="true" signature="tearDown()[pri:0, instance:Demo.E2EProject.ValidateTittleTest@3a71c100]" started-at="2021-08-26T12:23:55Z" name="tearDown" finished-at="2021-08-26T12:23:55Z" duration-ms="0" status="SKIP">
          <reporter-output>
          </reporter-output>
        </test-method> <!-- tearDown -->
      </class> <!-- Demo.E2EProject.ValidateTittleTest -->
    </test> <!-- ValidateTittleTest -->
    <test started-at="2021-08-26T12:13:51Z" name="HomePageTest" finished-at="2021-08-26T12:23:55Z" duration-ms="603658">
      <class name="Demo.E2EProject.HomePageTest">
        <test-method is-config="true" signature="initialize()[pri:0, instance:Demo.E2EProject.HomePageTest@3d526ad9]" started-at="2021-08-26T12:13:51Z" name="initialize" finished-at="2021-08-26T12:23:55Z" duration-ms="603617" status="FAIL">
          <exception class="org.openqa.selenium.SessionNotCreatedException">
            <message>
              <![CDATA[session not created
from timeout: Timed out receiving message from renderer: 600.000
  (Session info: chrome=92.0.4515.159)
Build info: version: '3.141.59', revision: 'e82be7d358', time: '2018-11-14T08:17:03'
System info: host: 'WL362390', ip: '192.36.0.12', os.name: 'Windows 10', os.arch: 'amd64', os.version: '10.0', java.version: '11.0.9.1'
Driver info: driver.version: ChromeDriver
remote stacktrace: Backtrace:
Ordinal0 [0x010B3733+2504499]
Ordinal0 [0x0104C401+2081793]
Ordinal0 [0x00F52628+1058344]
Ordinal0 [0x00F44EBF+1003199]
Ordinal0 [0x00F43EF9+999161]
Ordinal0 [0x00F441B6+999862]
Ordinal0 [0x00F43AA5+998053]
Ordinal0 [0x00F4A6DD+1025757]
Ordinal0 [0x00F43A61+997985]
Ordinal0 [0x00F44986+1001862]
Ordinal0 [0x00F43EF9+999161]
Ordinal0 [0x00F441B6+999862]
Ordinal0 [0x00F43AA5+998053]
Ordinal0 [0x00F4990C+1022220]
Ordinal0 [0x00F43A61+997985]
Ordinal0 [0x00F44986+1001862]
Ordinal0 [0x00F43EF9+999161]
Ordinal0 [0x00F441B6+999862]
Ordinal0 [0x00F43AA5+998053]
Ordinal0 [0x00F3F5DD+980445]
Ordinal0 [0x00F43A61+997985]
Ordinal0 [0x00F43800+997376]
Ordinal0 [0x00F43599+996761]
Ordinal0 [0x00F53830+1062960]
Ordinal0 [0x00F9ABB9+1354681]
Ordinal0 [0x00F997DA+1349594]
Ordinal0 [0x00F95D4B+1334603]
Ordinal0 [0x00F722B4+1188532]
Ordinal0 [0x00F73149+1192265]
GetHandleVerifier [0x0122FB8C+1512252]
GetHandleVerifier [0x012DB0DF+2214031]
GetHandleVerifier [0x01134BC3+484211]
GetHandleVerifier [0x01133E69+480793]
Ordinal0 [0x0105218D+2105741]
Ordinal0 [0x010566E8+2123496]
Ordinal0 [0x01056827+2123815]
Ordinal0 [0x0105FB73+2161523]
BaseThreadInitThunk [0x76696359+25]
RtlGetAppContainerNamedObjectPath [0x776F8944+228]
RtlGetAppContainerNamedObjectPath [0x776F8914+180]
]]>
            </message>
            <full-stacktrace>
              <![CDATA[org.openqa.selenium.SessionNotCreatedException: session not created
from timeout: Timed out receiving message from renderer: 600.000
  (Session info: chrome=92.0.4515.159)
Build info: version: '3.141.59', revision: 'e82be7d358', time: '2018-11-14T08:17:03'
System info: host: 'WL362390', ip: '192.36.0.12', os.name: 'Windows 10', os.arch: 'amd64', os.version: '10.0', java.version: '11.0.9.1'
Driver info: driver.version: ChromeDriver
remote stacktrace: Backtrace:
Ordinal0 [0x010B3733+2504499]
Ordinal0 [0x0104C401+2081793]
Ordinal0 [0x00F52628+1058344]
Ordinal0 [0x00F44EBF+1003199]
Ordinal0 [0x00F43EF9+999161]
Ordinal0 [0x00F441B6+999862]
Ordinal0 [0x00F43AA5+998053]
Ordinal0 [0x00F4A6DD+1025757]
Ordinal0 [0x00F43A61+997985]
Ordinal0 [0x00F44986+1001862]
Ordinal0 [0x00F43EF9+999161]
Ordinal0 [0x00F441B6+999862]
Ordinal0 [0x00F43AA5+998053]
Ordinal0 [0x00F4990C+1022220]
Ordinal0 [0x00F43A61+997985]
Ordinal0 [0x00F44986+1001862]
Ordinal0 [0x00F43EF9+999161]
Ordinal0 [0x00F441B6+999862]
Ordinal0 [0x00F43AA5+998053]
Ordinal0 [0x00F3F5DD+980445]
Ordinal0 [0x00F43A61+997985]
Ordinal0 [0x00F43800+997376]
Ordinal0 [0x00F43599+996761]
Ordinal0 [0x00F53830+1062960]
Ordinal0 [0x00F9ABB9+1354681]
Ordinal0 [0x00F997DA+1349594]
Ordinal0 [0x00F95D4B+1334603]
Ordinal0 [0x00F722B4+1188532]
Ordinal0 [0x00F73149+1192265]
GetHandleVerifier [0x0122FB8C+1512252]
GetHandleVerifier [0x012DB0DF+2214031]
GetHandleVerifier [0x01134BC3+484211]
GetHandleVerifier [0x01133E69+480793]
Ordinal0 [0x0105218D+2105741]
Ordinal0 [0x010566E8+2123496]
Ordinal0 [0x01056827+2123815]
Ordinal0 [0x0105FB73+2161523]
BaseThreadInitThunk [0x76696359+25]
RtlGetAppContainerNamedObjectPath [0x776F8944+228]
RtlGetAppContainerNamedObjectPath [0x776F8914+180]

at java.base/jdk.internal.reflect.NativeConstructorAccessorImpl.newInstance0(Native Method)
at java.base/jdk.internal.reflect.NativeConstructorAccessorImpl.newInstance(NativeConstructorAccessorImpl.java:62)
at java.base/jdk.internal.reflect.DelegatingConstructorAccessorImpl.newInstance(DelegatingConstructorAccessorImpl.java:45)
at java.base/java.lang.reflect.Constructor.newInstance(Constructor.java:490)
at org.openqa.selenium.remote.W3CHandshakeResponse.lambda$errorHandler$0(W3CHandshakeResponse.java:62)
at org.openqa.selenium.remote.HandshakeResponse.lambda$getResponseFunction$0(HandshakeResponse.java:30)
at org.openqa.selenium.remote.ProtocolHandshake.lambda$createSession$0(ProtocolHandshake.java:126)
at java.base/java.util.stream.ReferencePipeline$3$1.accept(ReferencePipeline.java:195)
at java.base/java.util.Spliterators$ArraySpliterator.tryAdvance(Spliterators.java:958)
at java.base/java.util.stream.ReferencePipeline.forEachWithCancel(ReferencePipeline.java:127)
at java.base/java.util.stream.AbstractPipeline.copyIntoWithCancel(AbstractPipeline.java:502)
at java.base/java.util.stream.AbstractPipeline.copyInto(AbstractPipeline.java:488)
at java.base/java.util.stream.AbstractPipeline.wrapAndCopyInto(AbstractPipeline.java:474)
at java.base/java.util.stream.FindOps$FindOp.evaluateSequential(FindOps.java:150)
at java.base/java.util.stream.AbstractPipeline.evaluate(AbstractPipeline.java:234)
at java.base/java.util.stream.ReferencePipeline.findFirst(ReferencePipeline.java:543)
at org.openqa.selenium.remote.ProtocolHandshake.createSession(ProtocolHandshake.java:128)
at org.openqa.selenium.remote.ProtocolHandshake.createSession(ProtocolHandshake.java:74)
at org.openqa.selenium.remote.HttpCommandExecutor.execute(HttpCommandExecutor.java:136)
at org.openqa.selenium.remote.service.DriverCommandExecutor.execute(DriverCommandExecutor.java:83)
at org.openqa.selenium.remote.RemoteWebDriver.execute(RemoteWebDriver.java:552)
at org.openqa.selenium.remote.RemoteWebDriver.startSession(RemoteWebDriver.java:213)
at org.openqa.selenium.remote.RemoteWebDriver.<init>(RemoteWebDriver.java:131)
at org.openqa.selenium.chrome.ChromeDriver.<init>(ChromeDriver.java:181)
at org.openqa.selenium.chrome.ChromeDriver.<init>(ChromeDriver.java:168)
at org.openqa.selenium.chrome.ChromeDriver.<init>(ChromeDriver.java:123)
at resources.Base.initializeDriver(Base.java:47)
at Demo.E2EProject.HomePageTest.initialize(HomePageTest.java:25)
at java.base/jdk.internal.reflect.NativeMethodAccessorImpl.invoke0(Native Method)
at java.base/jdk.internal.reflect.NativeMethodAccessorImpl.invoke(NativeMethodAccessorImpl.java:62)
at java.base/jdk.internal.reflect.DelegatingMethodAccessorImpl.invoke(DelegatingMethodAccessorImpl.java:43)
at java.base/java.lang.reflect.Method.invoke(Method.java:566)
at org.testng.internal.MethodInvocationHelper.invokeMethod(MethodInvocationHelper.java:124)
at org.testng.internal.MethodInvocationHelper.invokeMethodConsideringTimeout(MethodInvocationHelper.java:59)
at org.testng.internal.Invoker.invokeConfigurationMethod(Invoker.java:458)
at org.testng.internal.Invoker.invokeConfigurations(Invoker.java:222)
at org.testng.internal.Invoker.invokeConfigurations(Invoker.java:142)
at org.testng.TestRunner.beforeRun(TestRunner.java:529)
at org.testng.TestRunner.run(TestRunner.java:497)
at org.testng.SuiteRunner.runTest(SuiteRunner.java:455)
at org.testng.SuiteRunner.access$000(SuiteRunner.java:40)
at org.testng.SuiteRunner$SuiteWorker.run(SuiteRunner.java:489)
at org.testng.internal.thread.ThreadUtil$1.call(ThreadUtil.java:52)
at java.base/java.util.concurrent.FutureTask.run(FutureTask.java:264)
at java.base/java.util.concurrent.ThreadPoolExecutor.runWorker(ThreadPoolExecutor.java:1128)
at java.base/java.util.concurrent.ThreadPoolExecutor$Worker.run(ThreadPoolExecutor.java:628)
at java.base/java.lang.Thread.run(Thread.java:834)
]]>
            </full-stacktrace>
          </exception> <!-- org.openqa.selenium.SessionNotCreatedException -->
          <reporter-output>
          </reporter-output>
        </test-method> <!-- initialize -->
        <test-method signature="basePageNavigation(java.lang.String, java.lang.String, java.lang.String)[pri:0, instance:Demo.E2EProject.HomePageTest@3d526ad9]" started-at="2021-08-26T12:23:55Z" name="basePageNavigation" data-provider="getData" finished-at="2021-08-26T12:23:55Z" duration-ms="0" status="SKIP">
          <exception class="org.openqa.selenium.SessionNotCreatedException">
            <message>
              <![CDATA[session not created
from timeout: Timed out receiving message from renderer: 600.000
  (Session info: chrome=92.0.4515.159)
Build info: version: '3.141.59', revision: 'e82be7d358', time: '2018-11-14T08:17:03'
System info: host: 'WL362390', ip: '192.36.0.12', os.name: 'Windows 10', os.arch: 'amd64', os.version: '10.0', java.version: '11.0.9.1'
Driver info: driver.version: ChromeDriver
remote stacktrace: Backtrace:
Ordinal0 [0x010B3733+2504499]
Ordinal0 [0x0104C401+2081793]
Ordinal0 [0x00F52628+1058344]
Ordinal0 [0x00F44EBF+1003199]
Ordinal0 [0x00F43EF9+999161]
Ordinal0 [0x00F441B6+999862]
Ordinal0 [0x00F43AA5+998053]
Ordinal0 [0x00F4A6DD+1025757]
Ordinal0 [0x00F43A61+997985]
Ordinal0 [0x00F44986+1001862]
Ordinal0 [0x00F43EF9+999161]
Ordinal0 [0x00F441B6+999862]
Ordinal0 [0x00F43AA5+998053]
Ordinal0 [0x00F4990C+1022220]
Ordinal0 [0x00F43A61+997985]
Ordinal0 [0x00F44986+1001862]
Ordinal0 [0x00F43EF9+999161]
Ordinal0 [0x00F441B6+999862]
Ordinal0 [0x00F43AA5+998053]
Ordinal0 [0x00F3F5DD+980445]
Ordinal0 [0x00F43A61+997985]
Ordinal0 [0x00F43800+997376]
Ordinal0 [0x00F43599+996761]
Ordinal0 [0x00F53830+1062960]
Ordinal0 [0x00F9ABB9+1354681]
Ordinal0 [0x00F997DA+1349594]
Ordinal0 [0x00F95D4B+1334603]
Ordinal0 [0x00F722B4+1188532]
Ordinal0 [0x00F73149+1192265]
GetHandleVerifier [0x0122FB8C+1512252]
GetHandleVerifier [0x012DB0DF+2214031]
GetHandleVerifier [0x01134BC3+484211]
GetHandleVerifier [0x01133E69+480793]
Ordinal0 [0x0105218D+2105741]
Ordinal0 [0x010566E8+2123496]
Ordinal0 [0x01056827+2123815]
Ordinal0 [0x0105FB73+2161523]
BaseThreadInitThunk [0x76696359+25]
RtlGetAppContainerNamedObjectPath [0x776F8944+228]
RtlGetAppContainerNamedObjectPath [0x776F8914+180]
]]>
            </message>
            <full-stacktrace>
              <![CDATA[org.openqa.selenium.SessionNotCreatedException: session not created
from timeout: Timed out receiving message from renderer: 600.000
  (Session info: chrome=92.0.4515.159)
Build info: version: '3.141.59', revision: 'e82be7d358', time: '2018-11-14T08:17:03'
System info: host: 'WL362390', ip: '192.36.0.12', os.name: 'Windows 10', os.arch: 'amd64', os.version: '10.0', java.version: '11.0.9.1'
Driver info: driver.version: ChromeDriver
remote stacktrace: Backtrace:
Ordinal0 [0x010B3733+2504499]
Ordinal0 [0x0104C401+2081793]
Ordinal0 [0x00F52628+1058344]
Ordinal0 [0x00F44EBF+1003199]
Ordinal0 [0x00F43EF9+999161]
Ordinal0 [0x00F441B6+999862]
Ordinal0 [0x00F43AA5+998053]
Ordinal0 [0x00F4A6DD+1025757]
Ordinal0 [0x00F43A61+997985]
Ordinal0 [0x00F44986+1001862]
Ordinal0 [0x00F43EF9+999161]
Ordinal0 [0x00F441B6+999862]
Ordinal0 [0x00F43AA5+998053]
Ordinal0 [0x00F4990C+1022220]
Ordinal0 [0x00F43A61+997985]
Ordinal0 [0x00F44986+1001862]
Ordinal0 [0x00F43EF9+999161]
Ordinal0 [0x00F441B6+999862]
Ordinal0 [0x00F43AA5+998053]
Ordinal0 [0x00F3F5DD+980445]
Ordinal0 [0x00F43A61+997985]
Ordinal0 [0x00F43800+997376]
Ordinal0 [0x00F43599+996761]
Ordinal0 [0x00F53830+1062960]
Ordinal0 [0x00F9ABB9+1354681]
Ordinal0 [0x00F997DA+1349594]
Ordinal0 [0x00F95D4B+1334603]
Ordinal0 [0x00F722B4+1188532]
Ordinal0 [0x00F73149+1192265]
GetHandleVerifier [0x0122FB8C+1512252]
GetHandleVerifier [0x012DB0DF+2214031]
GetHandleVerifier [0x01134BC3+484211]
GetHandleVerifier [0x01133E69+480793]
Ordinal0 [0x0105218D+2105741]
Ordinal0 [0x010566E8+2123496]
Ordinal0 [0x01056827+2123815]
Ordinal0 [0x0105FB73+2161523]
BaseThreadInitThunk [0x76696359+25]
RtlGetAppContainerNamedObjectPath [0x776F8944+228]
RtlGetAppContainerNamedObjectPath [0x776F8914+180]

at java.base/jdk.internal.reflect.NativeConstructorAccessorImpl.newInstance0(Native Method)
at java.base/jdk.internal.reflect.NativeConstructorAccessorImpl.newInstance(NativeConstructorAccessorImpl.java:62)
at java.base/jdk.internal.reflect.DelegatingConstructorAccessorImpl.newInstance(DelegatingConstructorAccessorImpl.java:45)
at java.base/java.lang.reflect.Constructor.newInstance(Constructor.java:490)
at org.openqa.selenium.remote.W3CHandshakeResponse.lambda$errorHandler$0(W3CHandshakeResponse.java:62)
at org.openqa.selenium.remote.HandshakeResponse.lambda$getResponseFunction$0(HandshakeResponse.java:30)
at org.openqa.selenium.remote.ProtocolHandshake.lambda$createSession$0(ProtocolHandshake.java:126)
at java.base/java.util.stream.ReferencePipeline$3$1.accept(ReferencePipeline.java:195)
at java.base/java.util.Spliterators$ArraySpliterator.tryAdvance(Spliterators.java:958)
at java.base/java.util.stream.ReferencePipeline.forEachWithCancel(ReferencePipeline.java:127)
at java.base/java.util.stream.AbstractPipeline.copyIntoWithCancel(AbstractPipeline.java:502)
at java.base/java.util.stream.AbstractPipeline.copyInto(AbstractPipeline.java:488)
at java.base/java.util.stream.AbstractPipeline.wrapAndCopyInto(AbstractPipeline.java:474)
at java.base/java.util.stream.FindOps$FindOp.evaluateSequential(FindOps.java:150)
at java.base/java.util.stream.AbstractPipeline.evaluate(AbstractPipeline.java:234)
at java.base/java.util.stream.ReferencePipeline.findFirst(ReferencePipeline.java:543)
at org.openqa.selenium.remote.ProtocolHandshake.createSession(ProtocolHandshake.java:128)
at org.openqa.selenium.remote.ProtocolHandshake.createSession(ProtocolHandshake.java:74)
at org.openqa.selenium.remote.HttpCommandExecutor.execute(HttpCommandExecutor.java:136)
at org.openqa.selenium.remote.service.DriverCommandExecutor.execute(DriverCommandExecutor.java:83)
at org.openqa.selenium.remote.RemoteWebDriver.execute(RemoteWebDriver.java:552)
at org.openqa.selenium.remote.RemoteWebDriver.startSession(RemoteWebDriver.java:213)
at org.openqa.selenium.remote.RemoteWebDriver.<init>(RemoteWebDriver.java:131)
at org.openqa.selenium.chrome.ChromeDriver.<init>(ChromeDriver.java:181)
at org.openqa.selenium.chrome.ChromeDriver.<init>(ChromeDriver.java:168)
at org.openqa.selenium.chrome.ChromeDriver.<init>(ChromeDriver.java:123)
at resources.Base.initializeDriver(Base.java:47)
at Demo.E2EProject.HomePageTest.initialize(HomePageTest.java:25)
at java.base/jdk.internal.reflect.NativeMethodAccessorImpl.invoke0(Native Method)
at java.base/jdk.internal.reflect.NativeMethodAccessorImpl.invoke(NativeMethodAccessorImpl.java:62)
at java.base/jdk.internal.reflect.DelegatingMethodAccessorImpl.invoke(DelegatingMethodAccessorImpl.java:43)
at java.base/java.lang.reflect.Method.invoke(Method.java:566)
at org.testng.internal.MethodInvocationHelper.invokeMethod(MethodInvocationHelper.java:124)
at org.testng.internal.MethodInvocationHelper.invokeMethodConsideringTimeout(MethodInvocationHelper.java:59)
at org.testng.internal.Invoker.invokeConfigurationMethod(Invoker.java:458)
at org.testng.internal.Invoker.invokeConfigurations(Invoker.java:222)
at org.testng.internal.Invoker.invokeConfigurations(Invoker.java:142)
at org.testng.TestRunner.beforeRun(TestRunner.java:529)
at org.testng.TestRunner.run(TestRunner.java:497)
at org.testng.SuiteRunner.runTest(SuiteRunner.java:455)
at org.testng.SuiteRunner.access$000(SuiteRunner.java:40)
at org.testng.SuiteRunner$SuiteWorker.run(SuiteRunner.java:489)
at org.testng.internal.thread.ThreadUtil$1.call(ThreadUtil.java:52)
at java.base/java.util.concurrent.FutureTask.run(FutureTask.java:264)
at java.base/java.util.concurrent.ThreadPoolExecutor.runWorker(ThreadPoolExecutor.java:1128)
at java.base/java.util.concurrent.ThreadPoolExecutor$Worker.run(ThreadPoolExecutor.java:628)
at java.base/java.lang.Thread.run(Thread.java:834)
]]>
            </full-stacktrace>
          </exception> <!-- org.openqa.selenium.SessionNotCreatedException -->
          <reporter-output>
          </reporter-output>
        </test-method> <!-- basePageNavigation -->
        <test-method signature="basePageNavigation(java.lang.String, java.lang.String, java.lang.String)[pri:0, instance:Demo.E2EProject.HomePageTest@3d526ad9]" started-at="2021-08-26T12:23:55Z" name="basePageNavigation" data-provider="getData" finished-at="2021-08-26T12:23:55Z" duration-ms="0" status="SKIP">
          <exception class="org.openqa.selenium.SessionNotCreatedException">
            <message>
              <![CDATA[session not created
from timeout: Timed out receiving message from renderer: 600.000
  (Session info: chrome=92.0.4515.159)
Build info: version: '3.141.59', revision: 'e82be7d358', time: '2018-11-14T08:17:03'
System info: host: 'WL362390', ip: '192.36.0.12', os.name: 'Windows 10', os.arch: 'amd64', os.version: '10.0', java.version: '11.0.9.1'
Driver info: driver.version: ChromeDriver
remote stacktrace: Backtrace:
Ordinal0 [0x010B3733+2504499]
Ordinal0 [0x0104C401+2081793]
Ordinal0 [0x00F52628+1058344]
Ordinal0 [0x00F44EBF+1003199]
Ordinal0 [0x00F43EF9+999161]
Ordinal0 [0x00F441B6+999862]
Ordinal0 [0x00F43AA5+998053]
Ordinal0 [0x00F4A6DD+1025757]
Ordinal0 [0x00F43A61+997985]
Ordinal0 [0x00F44986+1001862]
Ordinal0 [0x00F43EF9+999161]
Ordinal0 [0x00F441B6+999862]
Ordinal0 [0x00F43AA5+998053]
Ordinal0 [0x00F4990C+1022220]
Ordinal0 [0x00F43A61+997985]
Ordinal0 [0x00F44986+1001862]
Ordinal0 [0x00F43EF9+999161]
Ordinal0 [0x00F441B6+999862]
Ordinal0 [0x00F43AA5+998053]
Ordinal0 [0x00F3F5DD+980445]
Ordinal0 [0x00F43A61+997985]
Ordinal0 [0x00F43800+997376]
Ordinal0 [0x00F43599+996761]
Ordinal0 [0x00F53830+1062960]
Ordinal0 [0x00F9ABB9+1354681]
Ordinal0 [0x00F997DA+1349594]
Ordinal0 [0x00F95D4B+1334603]
Ordinal0 [0x00F722B4+1188532]
Ordinal0 [0x00F73149+1192265]
GetHandleVerifier [0x0122FB8C+1512252]
GetHandleVerifier [0x012DB0DF+2214031]
GetHandleVerifier [0x01134BC3+484211]
GetHandleVerifier [0x01133E69+480793]
Ordinal0 [0x0105218D+2105741]
Ordinal0 [0x010566E8+2123496]
Ordinal0 [0x01056827+2123815]
Ordinal0 [0x0105FB73+2161523]
BaseThreadInitThunk [0x76696359+25]
RtlGetAppContainerNamedObjectPath [0x776F8944+228]
RtlGetAppContainerNamedObjectPath [0x776F8914+180]
]]>
            </message>
            <full-stacktrace>
              <![CDATA[org.openqa.selenium.SessionNotCreatedException: session not created
from timeout: Timed out receiving message from renderer: 600.000
  (Session info: chrome=92.0.4515.159)
Build info: version: '3.141.59', revision: 'e82be7d358', time: '2018-11-14T08:17:03'
System info: host: 'WL362390', ip: '192.36.0.12', os.name: 'Windows 10', os.arch: 'amd64', os.version: '10.0', java.version: '11.0.9.1'
Driver info: driver.version: ChromeDriver
remote stacktrace: Backtrace:
Ordinal0 [0x010B3733+2504499]
Ordinal0 [0x0104C401+2081793]
Ordinal0 [0x00F52628+1058344]
Ordinal0 [0x00F44EBF+1003199]
Ordinal0 [0x00F43EF9+999161]
Ordinal0 [0x00F441B6+999862]
Ordinal0 [0x00F43AA5+998053]
Ordinal0 [0x00F4A6DD+1025757]
Ordinal0 [0x00F43A61+997985]
Ordinal0 [0x00F44986+1001862]
Ordinal0 [0x00F43EF9+999161]
Ordinal0 [0x00F441B6+999862]
Ordinal0 [0x00F43AA5+998053]
Ordinal0 [0x00F4990C+1022220]
Ordinal0 [0x00F43A61+997985]
Ordinal0 [0x00F44986+1001862]
Ordinal0 [0x00F43EF9+999161]
Ordinal0 [0x00F441B6+999862]
Ordinal0 [0x00F43AA5+998053]
Ordinal0 [0x00F3F5DD+980445]
Ordinal0 [0x00F43A61+997985]
Ordinal0 [0x00F43800+997376]
Ordinal0 [0x00F43599+996761]
Ordinal0 [0x00F53830+1062960]
Ordinal0 [0x00F9ABB9+1354681]
Ordinal0 [0x00F997DA+1349594]
Ordinal0 [0x00F95D4B+1334603]
Ordinal0 [0x00F722B4+1188532]
Ordinal0 [0x00F73149+1192265]
GetHandleVerifier [0x0122FB8C+1512252]
GetHandleVerifier [0x012DB0DF+2214031]
GetHandleVerifier [0x01134BC3+484211]
GetHandleVerifier [0x01133E69+480793]
Ordinal0 [0x0105218D+2105741]
Ordinal0 [0x010566E8+2123496]
Ordinal0 [0x01056827+2123815]
Ordinal0 [0x0105FB73+2161523]
BaseThreadInitThunk [0x76696359+25]
RtlGetAppContainerNamedObjectPath [0x776F8944+228]
RtlGetAppContainerNamedObjectPath [0x776F8914+180]

at java.base/jdk.internal.reflect.NativeConstructorAccessorImpl.newInstance0(Native Method)
at java.base/jdk.internal.reflect.NativeConstructorAccessorImpl.newInstance(NativeConstructorAccessorImpl.java:62)
at java.base/jdk.internal.reflect.DelegatingConstructorAccessorImpl.newInstance(DelegatingConstructorAccessorImpl.java:45)
at java.base/java.lang.reflect.Constructor.newInstance(Constructor.java:490)
at org.openqa.selenium.remote.W3CHandshakeResponse.lambda$errorHandler$0(W3CHandshakeResponse.java:62)
at org.openqa.selenium.remote.HandshakeResponse.lambda$getResponseFunction$0(HandshakeResponse.java:30)
at org.openqa.selenium.remote.ProtocolHandshake.lambda$createSession$0(ProtocolHandshake.java:126)
at java.base/java.util.stream.ReferencePipeline$3$1.accept(ReferencePipeline.java:195)
at java.base/java.util.Spliterators$ArraySpliterator.tryAdvance(Spliterators.java:958)
at java.base/java.util.stream.ReferencePipeline.forEachWithCancel(ReferencePipeline.java:127)
at java.base/java.util.stream.AbstractPipeline.copyIntoWithCancel(AbstractPipeline.java:502)
at java.base/java.util.stream.AbstractPipeline.copyInto(AbstractPipeline.java:488)
at java.base/java.util.stream.AbstractPipeline.wrapAndCopyInto(AbstractPipeline.java:474)
at java.base/java.util.stream.FindOps$FindOp.evaluateSequential(FindOps.java:150)
at java.base/java.util.stream.AbstractPipeline.evaluate(AbstractPipeline.java:234)
at java.base/java.util.stream.ReferencePipeline.findFirst(ReferencePipeline.java:543)
at org.openqa.selenium.remote.ProtocolHandshake.createSession(ProtocolHandshake.java:128)
at org.openqa.selenium.remote.ProtocolHandshake.createSession(ProtocolHandshake.java:74)
at org.openqa.selenium.remote.HttpCommandExecutor.execute(HttpCommandExecutor.java:136)
at org.openqa.selenium.remote.service.DriverCommandExecutor.execute(DriverCommandExecutor.java:83)
at org.openqa.selenium.remote.RemoteWebDriver.execute(RemoteWebDriver.java:552)
at org.openqa.selenium.remote.RemoteWebDriver.startSession(RemoteWebDriver.java:213)
at org.openqa.selenium.remote.RemoteWebDriver.<init>(RemoteWebDriver.java:131)
at org.openqa.selenium.chrome.ChromeDriver.<init>(ChromeDriver.java:181)
at org.openqa.selenium.chrome.ChromeDriver.<init>(ChromeDriver.java:168)
at org.openqa.selenium.chrome.ChromeDriver.<init>(ChromeDriver.java:123)
at resources.Base.initializeDriver(Base.java:47)
at Demo.E2EProject.HomePageTest.initialize(HomePageTest.java:25)
at java.base/jdk.internal.reflect.NativeMethodAccessorImpl.invoke0(Native Method)
at java.base/jdk.internal.reflect.NativeMethodAccessorImpl.invoke(NativeMethodAccessorImpl.java:62)
at java.base/jdk.internal.reflect.DelegatingMethodAccessorImpl.invoke(DelegatingMethodAccessorImpl.java:43)
at java.base/java.lang.reflect.Method.invoke(Method.java:566)
at org.testng.internal.MethodInvocationHelper.invokeMethod(MethodInvocationHelper.java:124)
at org.testng.internal.MethodInvocationHelper.invokeMethodConsideringTimeout(MethodInvocationHelper.java:59)
at org.testng.internal.Invoker.invokeConfigurationMethod(Invoker.java:458)
at org.testng.internal.Invoker.invokeConfigurations(Invoker.java:222)
at org.testng.internal.Invoker.invokeConfigurations(Invoker.java:142)
at org.testng.TestRunner.beforeRun(TestRunner.java:529)
at org.testng.TestRunner.run(TestRunner.java:497)
at org.testng.SuiteRunner.runTest(SuiteRunner.java:455)
at org.testng.SuiteRunner.access$000(SuiteRunner.java:40)
at org.testng.SuiteRunner$SuiteWorker.run(SuiteRunner.java:489)
at org.testng.internal.thread.ThreadUtil$1.call(ThreadUtil.java:52)
at java.base/java.util.concurrent.FutureTask.run(FutureTask.java:264)
at java.base/java.util.concurrent.ThreadPoolExecutor.runWorker(ThreadPoolExecutor.java:1128)
at java.base/java.util.concurrent.ThreadPoolExecutor$Worker.run(ThreadPoolExecutor.java:628)
at java.base/java.lang.Thread.run(Thread.java:834)
]]>
            </full-stacktrace>
          </exception> <!-- org.openqa.selenium.SessionNotCreatedException -->
          <reporter-output>
          </reporter-output>
        </test-method> <!-- basePageNavigation -->
        <test-method is-config="true" signature="tearDown()[pri:0, instance:Demo.E2EProject.HomePageTest@3d526ad9]" started-at="2021-08-26T12:23:55Z" name="tearDown" finished-at="2021-08-26T12:23:55Z" duration-ms="0" status="SKIP">
          <reporter-output>
          </reporter-output>
        </test-method> <!-- tearDown -->
      </class> <!-- Demo.E2EProject.HomePageTest -->
    </test> <!-- HomePageTest -->
  </suite> <!-- Suite -->
</testng-results>
